<?xml version="1.0" encoding="UTF-8"?>
<!-- Generated by org.testng.reporters.JUnitXMLReporter -->
<testsuite ignored="3" hostname="LAP-WDR-L-1037" failures="0" tests="10" name="Default test" time="0.098" errors="0" timestamp="01 Apr 2020 02:16:40 GMT">
  <testcase classname="com.testSalesforce.PracticeTestNG" name="Test1" time="0.006"/>
  <testcase classname="com.testSalesforce.PracticeTestNG" name="Test1" time="0.003"/>
  <testcase classname="com.testSalesforce.PracticeTestNG" name="Test1" time="0.003"/>
  <testcase classname="com.testSalesforce.PracticeTestNG" name="Test1" time="0.004"/>
  <testcase classname="com.testSalesforce.PracticeTestNG" name="Test1" time="0.003"/>
  <testcase classname="com.testSalesforce.PracticeTestNG" name="Test1" time="0.002"/>
  <testcase classname="com.testSalesforce.PracticeTestNG" name="Test1" time="0.004"/>
  <testcase classname="com.testSalesforce.PracticeTestNG" name="Test1" time="0.003"/>
  <testcase classname="com.testSalesforce.PracticeTestNG" name="Test1" time="0.004"/>
  <testcase classname="com.testSalesforce.PracticeTestNG" name="Test1" time="0.002"/>
  <testcase classname="com.testSalesforce.PracticeTestNG" name="InvocationCounts" time="0.0">
    <ignored/>
  </testcase> <!-- InvocationCounts -->
  <testcase classname="com.testSalesforce.PracticeTestNG" name="test" time="0.0">
    <ignored/>
  </testcase> <!-- test -->
  <testcase classname="com.testSalesforce.PracticeTestNG" name="Test" time="0.0">
    <ignored/>
  </testcase> <!-- Test -->
</testsuite> <!-- Default test -->
