<?xml version="1.0" encoding="UTF-8"?>
<testng-results ignored="3" total="13" passed="10" failed="0" skipped="0">
  <reporter-output>
  </reporter-output>
  <suite started-at="2020-04-01T02:16:39Z" name="Default suite" finished-at="2020-04-01T02:16:39Z" duration-ms="98">
    <groups>
    </groups>
    <test started-at="2020-04-01T02:16:39Z" name="Default test" finished-at="2020-04-01T02:16:39Z" duration-ms="98">
      <class name="com.testSalesforce.PracticeTestNG">
        <test-method is-config="true" signature="beforeSuite()[pri:0, instance:com.testSalesforce.PracticeTestNG@ca263c2]" started-at="2020-04-01T07:46:39Z" name="beforeSuite" finished-at="2020-04-01T07:46:39Z" duration-ms="13" status="PASS">
          <reporter-output>
          </reporter-output>
        </test-method> <!-- beforeSuite -->
        <test-method is-config="true" signature="beforeTest()[pri:0, instance:com.testSalesforce.PracticeTestNG@ca263c2]" started-at="2020-04-01T07:46:39Z" name="beforeTest" finished-at="2020-04-01T07:46:39Z" duration-ms="2" status="PASS">
          <reporter-output>
          </reporter-output>
        </test-method> <!-- beforeTest -->
        <test-method is-config="true" signature="beforeClass()[pri:0, instance:com.testSalesforce.PracticeTestNG@ca263c2]" started-at="2020-04-01T07:46:39Z" name="beforeClass" finished-at="2020-04-01T07:46:39Z" duration-ms="0" status="PASS">
          <reporter-output>
          </reporter-output>
        </test-method> <!-- beforeClass -->
        <test-method is-config="true" signature="beforeMethod()[pri:0, instance:com.testSalesforce.PracticeTestNG@ca263c2]" started-at="2020-04-01T07:46:39Z" name="beforeMethod" finished-at="2020-04-01T07:46:39Z" duration-ms="0" status="PASS">
          <reporter-output>
          </reporter-output>
        </test-method> <!-- beforeMethod -->
        <test-method signature="Test1()[pri:0, instance:com.testSalesforce.PracticeTestNG@ca263c2]" started-at="2020-04-01T07:46:39Z" name="Test1" finished-at="2020-04-01T07:46:39Z" duration-ms="6" status="PASS">
          <reporter-output>
          </reporter-output>
        </test-method> <!-- Test1 -->
        <test-method signature="Test1()[pri:0, instance:com.testSalesforce.PracticeTestNG@ca263c2]" started-at="2020-04-01T07:46:39Z" name="Test1" finished-at="2020-04-01T07:46:39Z" duration-ms="3" status="PASS">
          <reporter-output>
          </reporter-output>
        </test-method> <!-- Test1 -->
        <test-method is-config="true" signature="beforeMethod()[pri:0, instance:com.testSalesforce.PracticeTestNG@ca263c2]" started-at="2020-04-01T07:46:39Z" name="beforeMethod" finished-at="2020-04-01T07:46:39Z" duration-ms="0" status="PASS">
          <reporter-output>
          </reporter-output>
        </test-method> <!-- beforeMethod -->
        <test-method is-config="true" signature="beforeMethod()[pri:0, instance:com.testSalesforce.PracticeTestNG@ca263c2]" started-at="2020-04-01T07:46:39Z" name="beforeMethod" finished-at="2020-04-01T07:46:39Z" duration-ms="0" status="PASS">
          <reporter-output>
          </reporter-output>
        </test-method> <!-- beforeMethod -->
        <test-method signature="Test1()[pri:0, instance:com.testSalesforce.PracticeTestNG@ca263c2]" started-at="2020-04-01T07:46:39Z" name="Test1" finished-at="2020-04-01T07:46:39Z" duration-ms="3" status="PASS">
          <reporter-output>
          </reporter-output>
        </test-method> <!-- Test1 -->
        <test-method is-config="true" signature="beforeMethod()[pri:0, instance:com.testSalesforce.PracticeTestNG@ca263c2]" started-at="2020-04-01T07:46:39Z" name="beforeMethod" finished-at="2020-04-01T07:46:39Z" duration-ms="1" status="PASS">
          <reporter-output>
          </reporter-output>
        </test-method> <!-- beforeMethod -->
        <test-method signature="Test1()[pri:0, instance:com.testSalesforce.PracticeTestNG@ca263c2]" started-at="2020-04-01T07:46:39Z" name="Test1" finished-at="2020-04-01T07:46:39Z" duration-ms="4" status="PASS">
          <reporter-output>
          </reporter-output>
        </test-method> <!-- Test1 -->
        <test-method is-config="true" signature="beforeMethod()[pri:0, instance:com.testSalesforce.PracticeTestNG@ca263c2]" started-at="2020-04-01T07:46:39Z" name="beforeMethod" finished-at="2020-04-01T07:46:39Z" duration-ms="1" status="PASS">
          <reporter-output>
          </reporter-output>
        </test-method> <!-- beforeMethod -->
        <test-method signature="Test1()[pri:0, instance:com.testSalesforce.PracticeTestNG@ca263c2]" started-at="2020-04-01T07:46:39Z" name="Test1" finished-at="2020-04-01T07:46:39Z" duration-ms="3" status="PASS">
          <reporter-output>
          </reporter-output>
        </test-method> <!-- Test1 -->
        <test-method is-config="true" signature="beforeMethod()[pri:0, instance:com.testSalesforce.PracticeTestNG@ca263c2]" started-at="2020-04-01T07:46:39Z" name="beforeMethod" finished-at="2020-04-01T07:46:39Z" duration-ms="0" status="PASS">
          <reporter-output>
          </reporter-output>
        </test-method> <!-- beforeMethod -->
        <test-method signature="Test1()[pri:0, instance:com.testSalesforce.PracticeTestNG@ca263c2]" started-at="2020-04-01T07:46:39Z" name="Test1" finished-at="2020-04-01T07:46:39Z" duration-ms="2" status="PASS">
          <reporter-output>
          </reporter-output>
        </test-method> <!-- Test1 -->
        <test-method is-config="true" signature="beforeMethod()[pri:0, instance:com.testSalesforce.PracticeTestNG@ca263c2]" started-at="2020-04-01T07:46:39Z" name="beforeMethod" finished-at="2020-04-01T07:46:39Z" duration-ms="1" status="PASS">
          <reporter-output>
          </reporter-output>
        </test-method> <!-- beforeMethod -->
        <test-method signature="Test1()[pri:0, instance:com.testSalesforce.PracticeTestNG@ca263c2]" started-at="2020-04-01T07:46:39Z" name="Test1" finished-at="2020-04-01T07:46:39Z" duration-ms="4" status="PASS">
          <reporter-output>
          </reporter-output>
        </test-method> <!-- Test1 -->
        <test-method is-config="true" signature="beforeMethod()[pri:0, instance:com.testSalesforce.PracticeTestNG@ca263c2]" started-at="2020-04-01T07:46:39Z" name="beforeMethod" finished-at="2020-04-01T07:46:39Z" duration-ms="2" status="PASS">
          <reporter-output>
          </reporter-output>
        </test-method> <!-- beforeMethod -->
        <test-method signature="Test1()[pri:0, instance:com.testSalesforce.PracticeTestNG@ca263c2]" started-at="2020-04-01T07:46:39Z" name="Test1" finished-at="2020-04-01T07:46:39Z" duration-ms="3" status="PASS">
          <reporter-output>
          </reporter-output>
        </test-method> <!-- Test1 -->
        <test-method is-config="true" signature="beforeMethod()[pri:0, instance:com.testSalesforce.PracticeTestNG@ca263c2]" started-at="2020-04-01T07:46:39Z" name="beforeMethod" finished-at="2020-04-01T07:46:39Z" duration-ms="2" status="PASS">
          <reporter-output>
          </reporter-output>
        </test-method> <!-- beforeMethod -->
        <test-method signature="Test1()[pri:0, instance:com.testSalesforce.PracticeTestNG@ca263c2]" started-at="2020-04-01T07:46:39Z" name="Test1" finished-at="2020-04-01T07:46:39Z" duration-ms="4" status="PASS">
          <reporter-output>
          </reporter-output>
        </test-method> <!-- Test1 -->
        <test-method signature="Test1()[pri:0, instance:com.testSalesforce.PracticeTestNG@ca263c2]" started-at="2020-04-01T07:46:39Z" name="Test1" finished-at="2020-04-01T07:46:39Z" duration-ms="2" status="PASS">
          <reporter-output>
          </reporter-output>
        </test-method> <!-- Test1 -->
        <test-method is-config="true" signature="beforeMethod()[pri:0, instance:com.testSalesforce.PracticeTestNG@ca263c2]" started-at="2020-04-01T07:46:39Z" name="beforeMethod" finished-at="2020-04-01T07:46:39Z" duration-ms="0" status="PASS">
          <reporter-output>
          </reporter-output>
        </test-method> <!-- beforeMethod -->
      </class> <!-- com.testSalesforce.PracticeTestNG -->
    </test> <!-- Default test -->
  </suite> <!-- Default suite -->
</testng-results>
